Arguments: 
  C:\Program Files\nodejs\node.exe C:\Program Files (x86)\Yarn\bin\yarn.js server

PATH: 
  C:\Users\hanse\bin;C:\Program Files\Git\mingw64\bin;C:\Program Files\Git\usr\local\bin;C:\Program Files\Git\usr\bin;C:\Program Files\Git\usr\bin;C:\Program Files\Git\mingw64\bin;C:\Program Files\Git\usr\bin;C:\Users\hanse\bin;C:\Windows\system32;C:\Windows;C:\Windows\System32\Wbem;C:\Windows\System32\WindowsPowerShell\v1.0;C:\Windows\System32\OpenSSH;C:\Program Files\Git\cmd;C:\Program Files (x86)\Yarn\bin;C:\Program Files\nodejs;C:\Users\hanse\AppData\Local\Microsoft\WindowsApps;C:\Users\hanse\AppData\Local\Programs\Microsoft VS Code\bin;C:\Users\hanse\AppData\Local\Yarn\bin;C:\Users\hanse\AppData\Roaming\npm;C:\Program Files\Git\usr\bin\vendor_perl;C:\Program Files\Git\usr\bin\core_perl

Yarn version: 
  1.16.0

Node version: 
  12.13.1

Platform: 
  win32 x64

Trace: 
  SyntaxError: C:\Users\hanse\lambdaschool\webauth-i-challenge\package.json: Unexpected token } in JSON at position 749
      at JSON.parse (<anonymous>)
      at C:\Program Files (x86)\Yarn\lib\cli.js:1625:59
      at Generator.next (<anonymous>)
      at step (C:\Program Files (x86)\Yarn\lib\cli.js:304:30)
      at C:\Program Files (x86)\Yarn\lib\cli.js:315:13

npm manifest: 
  {
    "name": "webauth-i-challenge",
    "version": "1.0.0",
    "description": "- Authentication.\r - Express Middleware.\r - Password Hashing.\r - Sessions\r - Cookies",
    "main": "index.js",
    "scripts": {
      "server": "nodemon index.js",
      "start": "node index.js"
    },
    "repository": {
      "type": "git",
      "url": "git+https://github.com/Hansen-Nick/webauth-i-challenge.git"
    },
    "author": "",
    "license": "ISC",
    "bugs": {
      "url": "https://github.com/Hansen-Nick/webauth-i-challenge/issues"
    },
    "homepage": "https://github.com/Hansen-Nick/webauth-i-challenge#readme",
    "dependencies": {
      "cors": "^2.8.5",
      "express": "^4.17.1",
      "helmet": "^3.21.2",
      "knex": "^0.20.4",
      "morgan": "^1.9.1",
      "node": "^13.3.0",
    },
    "devDependencies": {
      "nodemon": "^2.0.1"
    }
  }

yarn manifest: 
  No manifest

Lockfile: 
  No lockfile
